14:13:16.759 [main] INFO  testCases.TC_001_LoginTest - Entered password
14:13:16.842 [main] INFO  testCases.TC_001_LoginTest - Clicked on login
14:13:22.766 [main] INFO  testCases.TC_001_LoginTest - Validating expected message
14:13:22.770 [main] INFO  testCases.TC_001_LoginTest - Finished this login test
14:14:50.622 [main] INFO  testCases.TC_001_LoginTest - *** Starting TC_001_LoginTest ***
14:14:50.867 [main] INFO  testCases.TC_001_LoginTest - Entered email
14:14:51.022 [main] INFO  testCases.TC_001_LoginTest - Entered password
14:14:51.100 [main] INFO  testCases.TC_001_LoginTest - Clicked on login
14:14:57.412 [main] INFO  testCases.TC_001_LoginTest - Validating expected message
14:14:57.424 [main] INFO  testCases.TC_001_LoginTest - Finished this login test
14:19:38.341 [main] DEBUG io.netty.util.internal.logging.InternalLoggerFactory - Using Log4J2 as the default logging framework
14:19:38.362 [main] DEBUG io.netty.util.ResourceLeakDetector - -Dio.netty.leakDetection.level: simple
14:19:38.362 [main] DEBUG io.netty.util.ResourceLeakDetector - -Dio.netty.leakDetection.targetRecords: 4
14:19:38.371 [main] DEBUG io.netty.util.ResourceLeakDetectorFactory - Loaded default ResourceLeakDetector: io.netty.util.ResourceLeakDetector@4f824872
14:19:38.406 [main] DEBUG io.netty.util.internal.PlatformDependent0 - -Dio.netty.noUnsafe: false
14:19:38.407 [main] DEBUG io.netty.util.internal.PlatformDependent0 - Java version: 17
14:19:38.409 [main] DEBUG io.netty.util.internal.PlatformDependent0 - sun.misc.Unsafe.theUnsafe: available
14:19:38.411 [main] DEBUG io.netty.util.internal.PlatformDependent0 - sun.misc.Unsafe.copyMemory: available
14:19:38.416 [main] DEBUG io.netty.util.internal.PlatformDependent0 - sun.misc.Unsafe.storeFence: available
14:19:38.418 [main] DEBUG io.netty.util.internal.PlatformDependent0 - java.nio.Buffer.address: available
14:19:38.419 [main] DEBUG io.netty.util.internal.PlatformDependent0 - direct buffer constructor: unavailable: Reflective setAccessible(true) disabled
14:19:38.422 [main] DEBUG io.netty.util.internal.PlatformDependent0 - java.nio.Bits.unaligned: available, true
14:19:38.425 [main] DEBUG io.netty.util.internal.PlatformDependent0 - jdk.internal.misc.Unsafe.allocateUninitializedArray(int): unavailable: class io.netty.util.internal.PlatformDependent0$7 cannot access class jdk.internal.misc.Unsafe (in module java.base) because module java.base does not export jdk.internal.misc to unnamed module @31610302
14:19:38.427 [main] DEBUG io.netty.util.internal.PlatformDependent0 - java.nio.DirectByteBuffer.<init>(long, int): unavailable
14:19:38.428 [main] DEBUG io.netty.util.internal.PlatformDependent - sun.misc.Unsafe: available
14:19:38.429 [main] DEBUG io.netty.util.internal.PlatformDependent - maxDirectMemory: 2107637760 bytes (maybe)
14:19:38.430 [main] DEBUG io.netty.util.internal.PlatformDependent - -Dio.netty.tmpdir: C:\Users\Keerti\AppData\Local\Temp (java.io.tmpdir)
14:19:38.431 [main] DEBUG io.netty.util.internal.PlatformDependent - -Dio.netty.bitMode: 64 (sun.arch.data.model)
14:19:38.432 [main] DEBUG io.netty.util.internal.PlatformDependent - Platform: Windows
14:19:38.434 [main] DEBUG io.netty.util.internal.PlatformDependent - -Dio.netty.maxDirectMemory: -1 bytes
14:19:38.434 [main] DEBUG io.netty.util.internal.PlatformDependent - -Dio.netty.uninitializedArrayAllocationThreshold: -1
14:19:38.437 [main] DEBUG io.netty.util.internal.CleanerJava9 - java.nio.ByteBuffer.cleaner(): available
14:19:38.438 [main] DEBUG io.netty.util.internal.PlatformDependent - -Dio.netty.noPreferDirect: false
14:19:38.451 [main] DEBUG io.netty.util.internal.PlatformDependent - org.jctools-core.MpscChunkedArrayQueue: available
14:19:38.482 [main] DEBUG io.netty.util.internal.InternalThreadLocalMap - -Dio.netty.threadLocalMap.stringBuilder.initialSize: 1024
14:19:38.482 [main] DEBUG io.netty.util.internal.InternalThreadLocalMap - -Dio.netty.threadLocalMap.stringBuilder.maxSize: 4096
14:19:38.570 [main] DEBUG io.netty.handler.ssl.JdkSslContext - Default protocols (JDK): [TLSv1.3, TLSv1.2] 
14:19:38.570 [main] DEBUG io.netty.handler.ssl.JdkSslContext - Default cipher suites (JDK): [TLS_ECDHE_ECDSA_WITH_AES_256_GCM_SHA384, TLS_ECDHE_ECDSA_WITH_AES_128_GCM_SHA256, TLS_ECDHE_RSA_WITH_AES_128_GCM_SHA256, TLS_ECDHE_RSA_WITH_AES_256_GCM_SHA384, TLS_ECDHE_RSA_WITH_AES_128_CBC_SHA, TLS_ECDHE_RSA_WITH_AES_256_CBC_SHA, TLS_RSA_WITH_AES_128_GCM_SHA256, TLS_RSA_WITH_AES_128_CBC_SHA, TLS_RSA_WITH_AES_256_CBC_SHA, TLS_AES_128_GCM_SHA256, TLS_AES_256_GCM_SHA384]
14:19:38.597 [main] DEBUG io.netty.channel.MultithreadEventLoopGroup - -Dio.netty.eventLoopThreads: 8
14:19:38.606 [main] DEBUG io.netty.channel.nio.NioEventLoop - -Dio.netty.noKeySetOptimization: false
14:19:38.607 [main] DEBUG io.netty.channel.nio.NioEventLoop - -Dio.netty.selectorAutoRebuildThreshold: 512
14:19:38.650 [main] DEBUG io.netty.buffer.PooledByteBufAllocator - -Dio.netty.allocator.numHeapArenas: 8
14:19:38.650 [main] DEBUG io.netty.buffer.PooledByteBufAllocator - -Dio.netty.allocator.numDirectArenas: 8
14:19:38.651 [main] DEBUG io.netty.buffer.PooledByteBufAllocator - -Dio.netty.allocator.pageSize: 8192
14:19:38.651 [main] DEBUG io.netty.buffer.PooledByteBufAllocator - -Dio.netty.allocator.maxOrder: 9
14:19:38.651 [main] DEBUG io.netty.buffer.PooledByteBufAllocator - -Dio.netty.allocator.chunkSize: 4194304
14:19:38.652 [main] DEBUG io.netty.buffer.PooledByteBufAllocator - -Dio.netty.allocator.smallCacheSize: 256
14:19:38.652 [main] DEBUG io.netty.buffer.PooledByteBufAllocator - -Dio.netty.allocator.normalCacheSize: 64
14:19:38.652 [main] DEBUG io.netty.buffer.PooledByteBufAllocator - -Dio.netty.allocator.maxCachedBufferCapacity: 32768
14:19:38.652 [main] DEBUG io.netty.buffer.PooledByteBufAllocator - -Dio.netty.allocator.cacheTrimInterval: 8192
14:19:38.653 [main] DEBUG io.netty.buffer.PooledByteBufAllocator - -Dio.netty.allocator.cacheTrimIntervalMillis: 0
14:19:38.653 [main] DEBUG io.netty.buffer.PooledByteBufAllocator - -Dio.netty.allocator.useCacheForAllThreads: false
14:19:38.653 [main] DEBUG io.netty.buffer.PooledByteBufAllocator - -Dio.netty.allocator.maxCachedByteBuffersPerChunk: 1023
14:19:38.665 [main] DEBUG io.netty.buffer.ByteBufUtil - -Dio.netty.allocator.type: pooled
14:19:38.665 [main] DEBUG io.netty.buffer.ByteBufUtil - -Dio.netty.threadLocalDirectBufferSize: 0
14:19:38.665 [main] DEBUG io.netty.buffer.ByteBufUtil - -Dio.netty.maxThreadLocalCharBufferSize: 16384
14:19:39.055 [Forwarding newSession on session null to remote] DEBUG io.netty.channel.DefaultChannelId - -Dio.netty.processId: 17992 (auto-detected)
14:19:39.059 [Forwarding newSession on session null to remote] DEBUG io.netty.util.NetUtil - -Djava.net.preferIPv4Stack: false
14:19:39.059 [Forwarding newSession on session null to remote] DEBUG io.netty.util.NetUtil - -Djava.net.preferIPv6Addresses: false
14:19:39.070 [Forwarding newSession on session null to remote] DEBUG io.netty.util.NetUtilInitializations - Loopback interface: lo (Software Loopback Interface 1, 127.0.0.1)
14:19:39.072 [Forwarding newSession on session null to remote] DEBUG io.netty.util.NetUtil - Failed to get SOMAXCONN from sysctl and file \proc\sys\net\core\somaxconn. Default: 200
14:19:39.095 [Forwarding newSession on session null to remote] DEBUG io.netty.channel.DefaultChannelId - -Dio.netty.machineId: 98:8d:46:ff:fe:70:09:db (auto-detected)
14:19:39.166 [AsyncHttpClient-1-2] DEBUG io.netty.buffer.AbstractByteBuf - -Dio.netty.buffer.checkAccessible: true
14:19:39.166 [AsyncHttpClient-1-2] DEBUG io.netty.buffer.AbstractByteBuf - -Dio.netty.buffer.checkBounds: true
14:19:39.166 [AsyncHttpClient-1-2] DEBUG io.netty.util.ResourceLeakDetectorFactory - Loaded default ResourceLeakDetector: io.netty.util.ResourceLeakDetector@b482649
14:19:39.192 [AsyncHttpClient-1-2] DEBUG io.netty.util.Recycler - -Dio.netty.recycler.maxCapacityPerThread: 4096
14:19:39.193 [AsyncHttpClient-1-2] DEBUG io.netty.util.Recycler - -Dio.netty.recycler.ratio: 8
14:19:39.193 [AsyncHttpClient-1-2] DEBUG io.netty.util.Recycler - -Dio.netty.recycler.chunkSize: 32
14:19:39.193 [AsyncHttpClient-1-2] DEBUG io.netty.util.Recycler - -Dio.netty.recycler.blocking: false
14:19:40.168 [AsyncHttpClient-1-2] DEBUG io.netty.handler.codec.compression.Brotli - brotli4j not in the classpath; Brotli support will be unavailable.
14:19:40.425 [main] DEBUG io.netty.util.internal.ThreadLocalRandom - -Dio.netty.initialSeedUniquifier: 0x3d6614475715d9a9
14:19:42.227 [main] DEBUG testCases.TC_001_LoginTest - application logs
14:19:42.228 [main] INFO  testCases.TC_001_LoginTest - *** Starting TC_001_LoginTest ***
14:19:42.445 [main] INFO  testCases.TC_001_LoginTest - Entered email
14:19:42.585 [main] INFO  testCases.TC_001_LoginTest - Entered password
14:19:42.667 [main] INFO  testCases.TC_001_LoginTest - Clicked on login
14:19:46.746 [main] INFO  testCases.TC_001_LoginTest - Validating expected message
14:19:46.760 [main] INFO  testCases.TC_001_LoginTest - Finished this login test
14:22:07.333 [main] DEBUG io.netty.util.internal.logging.InternalLoggerFactory - Using Log4J2 as the default logging framework
14:22:07.348 [main] DEBUG io.netty.util.ResourceLeakDetector - -Dio.netty.leakDetection.level: simple
14:22:07.348 [main] DEBUG io.netty.util.ResourceLeakDetector - -Dio.netty.leakDetection.targetRecords: 4
14:22:07.356 [main] DEBUG io.netty.util.ResourceLeakDetectorFactory - Loaded default ResourceLeakDetector: io.netty.util.ResourceLeakDetector@7a22a3c2
14:22:07.386 [main] DEBUG io.netty.util.internal.PlatformDependent0 - -Dio.netty.noUnsafe: false
14:22:07.387 [main] DEBUG io.netty.util.internal.PlatformDependent0 - Java version: 17
14:22:07.389 [main] DEBUG io.netty.util.internal.PlatformDependent0 - sun.misc.Unsafe.theUnsafe: available
14:22:07.391 [main] DEBUG io.netty.util.internal.PlatformDependent0 - sun.misc.Unsafe.copyMemory: available
14:22:07.392 [main] DEBUG io.netty.util.internal.PlatformDependent0 - sun.misc.Unsafe.storeFence: available
14:22:07.395 [main] DEBUG io.netty.util.internal.PlatformDependent0 - java.nio.Buffer.address: available
14:22:07.396 [main] DEBUG io.netty.util.internal.PlatformDependent0 - direct buffer constructor: unavailable: Reflective setAccessible(true) disabled
14:22:07.398 [main] DEBUG io.netty.util.internal.PlatformDependent0 - java.nio.Bits.unaligned: available, true
14:22:07.401 [main] DEBUG io.netty.util.internal.PlatformDependent0 - jdk.internal.misc.Unsafe.allocateUninitializedArray(int): unavailable: class io.netty.util.internal.PlatformDependent0$7 cannot access class jdk.internal.misc.Unsafe (in module java.base) because module java.base does not export jdk.internal.misc to unnamed module @31610302
14:22:07.406 [main] DEBUG io.netty.util.internal.PlatformDependent0 - java.nio.DirectByteBuffer.<init>(long, int): unavailable
14:22:07.406 [main] DEBUG io.netty.util.internal.PlatformDependent - sun.misc.Unsafe: available
14:22:07.407 [main] DEBUG io.netty.util.internal.PlatformDependent - maxDirectMemory: 2107637760 bytes (maybe)
14:22:07.408 [main] DEBUG io.netty.util.internal.PlatformDependent - -Dio.netty.tmpdir: C:\Users\Keerti\AppData\Local\Temp (java.io.tmpdir)
14:22:07.409 [main] DEBUG io.netty.util.internal.PlatformDependent - -Dio.netty.bitMode: 64 (sun.arch.data.model)
14:22:07.410 [main] DEBUG io.netty.util.internal.PlatformDependent - Platform: Windows
14:22:07.414 [main] DEBUG io.netty.util.internal.PlatformDependent - -Dio.netty.maxDirectMemory: -1 bytes
14:22:07.414 [main] DEBUG io.netty.util.internal.PlatformDependent - -Dio.netty.uninitializedArrayAllocationThreshold: -1
14:22:07.417 [main] DEBUG io.netty.util.internal.CleanerJava9 - java.nio.ByteBuffer.cleaner(): available
14:22:07.418 [main] DEBUG io.netty.util.internal.PlatformDependent - -Dio.netty.noPreferDirect: false
14:22:07.430 [main] DEBUG io.netty.util.internal.PlatformDependent - org.jctools-core.MpscChunkedArrayQueue: available
14:22:07.458 [main] DEBUG io.netty.util.internal.InternalThreadLocalMap - -Dio.netty.threadLocalMap.stringBuilder.initialSize: 1024
14:22:07.459 [main] DEBUG io.netty.util.internal.InternalThreadLocalMap - -Dio.netty.threadLocalMap.stringBuilder.maxSize: 4096
14:22:07.512 [main] DEBUG io.netty.handler.ssl.JdkSslContext - Default protocols (JDK): [TLSv1.3, TLSv1.2] 
14:22:07.513 [main] DEBUG io.netty.handler.ssl.JdkSslContext - Default cipher suites (JDK): [TLS_ECDHE_ECDSA_WITH_AES_256_GCM_SHA384, TLS_ECDHE_ECDSA_WITH_AES_128_GCM_SHA256, TLS_ECDHE_RSA_WITH_AES_128_GCM_SHA256, TLS_ECDHE_RSA_WITH_AES_256_GCM_SHA384, TLS_ECDHE_RSA_WITH_AES_128_CBC_SHA, TLS_ECDHE_RSA_WITH_AES_256_CBC_SHA, TLS_RSA_WITH_AES_128_GCM_SHA256, TLS_RSA_WITH_AES_128_CBC_SHA, TLS_RSA_WITH_AES_256_CBC_SHA, TLS_AES_128_GCM_SHA256, TLS_AES_256_GCM_SHA384]
14:22:07.539 [main] DEBUG io.netty.channel.MultithreadEventLoopGroup - -Dio.netty.eventLoopThreads: 8
14:22:07.549 [main] DEBUG io.netty.channel.nio.NioEventLoop - -Dio.netty.noKeySetOptimization: false
14:22:07.549 [main] DEBUG io.netty.channel.nio.NioEventLoop - -Dio.netty.selectorAutoRebuildThreshold: 512
14:22:07.596 [main] DEBUG io.netty.buffer.PooledByteBufAllocator - -Dio.netty.allocator.numHeapArenas: 8
14:22:07.596 [main] DEBUG io.netty.buffer.PooledByteBufAllocator - -Dio.netty.allocator.numDirectArenas: 8
14:22:07.596 [main] DEBUG io.netty.buffer.PooledByteBufAllocator - -Dio.netty.allocator.pageSize: 8192
14:22:07.596 [main] DEBUG io.netty.buffer.PooledByteBufAllocator - -Dio.netty.allocator.maxOrder: 9
14:22:07.596 [main] DEBUG io.netty.buffer.PooledByteBufAllocator - -Dio.netty.allocator.chunkSize: 4194304
14:22:07.597 [main] DEBUG io.netty.buffer.PooledByteBufAllocator - -Dio.netty.allocator.smallCacheSize: 256
14:22:07.597 [main] DEBUG io.netty.buffer.PooledByteBufAllocator - -Dio.netty.allocator.normalCacheSize: 64
14:22:07.597 [main] DEBUG io.netty.buffer.PooledByteBufAllocator - -Dio.netty.allocator.maxCachedBufferCapacity: 32768
14:22:07.598 [main] DEBUG io.netty.buffer.PooledByteBufAllocator - -Dio.netty.allocator.cacheTrimInterval: 8192
14:22:07.598 [main] DEBUG io.netty.buffer.PooledByteBufAllocator - -Dio.netty.allocator.cacheTrimIntervalMillis: 0
14:22:07.598 [main] DEBUG io.netty.buffer.PooledByteBufAllocator - -Dio.netty.allocator.useCacheForAllThreads: false
14:22:07.598 [main] DEBUG io.netty.buffer.PooledByteBufAllocator - -Dio.netty.allocator.maxCachedByteBuffersPerChunk: 1023
14:22:07.609 [main] DEBUG io.netty.buffer.ByteBufUtil - -Dio.netty.allocator.type: pooled
14:22:07.609 [main] DEBUG io.netty.buffer.ByteBufUtil - -Dio.netty.threadLocalDirectBufferSize: 0
14:22:07.610 [main] DEBUG io.netty.buffer.ByteBufUtil - -Dio.netty.maxThreadLocalCharBufferSize: 16384
14:22:07.972 [Forwarding newSession on session null to remote] DEBUG io.netty.channel.DefaultChannelId - -Dio.netty.processId: 3892 (auto-detected)
14:22:07.974 [Forwarding newSession on session null to remote] DEBUG io.netty.util.NetUtil - -Djava.net.preferIPv4Stack: false
14:22:07.975 [Forwarding newSession on session null to remote] DEBUG io.netty.util.NetUtil - -Djava.net.preferIPv6Addresses: false
14:22:07.983 [Forwarding newSession on session null to remote] DEBUG io.netty.util.NetUtilInitializations - Loopback interface: lo (Software Loopback Interface 1, 127.0.0.1)
14:22:07.985 [Forwarding newSession on session null to remote] DEBUG io.netty.util.NetUtil - Failed to get SOMAXCONN from sysctl and file \proc\sys\net\core\somaxconn. Default: 200
14:22:08.004 [Forwarding newSession on session null to remote] DEBUG io.netty.channel.DefaultChannelId - -Dio.netty.machineId: 98:8d:46:ff:fe:70:09:db (auto-detected)
14:22:08.101 [AsyncHttpClient-1-2] DEBUG io.netty.buffer.AbstractByteBuf - -Dio.netty.buffer.checkAccessible: true
14:22:08.105 [AsyncHttpClient-1-2] DEBUG io.netty.buffer.AbstractByteBuf - -Dio.netty.buffer.checkBounds: true
14:22:08.106 [AsyncHttpClient-1-2] DEBUG io.netty.util.ResourceLeakDetectorFactory - Loaded default ResourceLeakDetector: io.netty.util.ResourceLeakDetector@45be5e38
14:22:08.142 [AsyncHttpClient-1-2] DEBUG io.netty.util.Recycler - -Dio.netty.recycler.maxCapacityPerThread: 4096
14:22:08.143 [AsyncHttpClient-1-2] DEBUG io.netty.util.Recycler - -Dio.netty.recycler.ratio: 8
14:22:08.143 [AsyncHttpClient-1-2] DEBUG io.netty.util.Recycler - -Dio.netty.recycler.chunkSize: 32
14:22:08.144 [AsyncHttpClient-1-2] DEBUG io.netty.util.Recycler - -Dio.netty.recycler.blocking: false
14:22:09.256 [AsyncHttpClient-1-2] DEBUG io.netty.handler.codec.compression.Brotli - brotli4j not in the classpath; Brotli support will be unavailable.
14:22:09.468 [main] DEBUG io.netty.util.internal.ThreadLocalRandom - -Dio.netty.initialSeedUniquifier: 0x2a55bdd9d0f5218e
14:22:11.123 [main] DEBUG testCases.TC_001_LoginTest - application logs
14:22:11.123 [main] INFO  testCases.TC_001_LoginTest - *** Starting TC_001_LoginTest ***
14:22:11.374 [main] INFO  testCases.TC_001_LoginTest - Entered email
14:22:11.520 [main] INFO  testCases.TC_001_LoginTest - Entered password
14:22:11.605 [main] INFO  testCases.TC_001_LoginTest - Clicked on login
14:22:17.330 [main] INFO  testCases.TC_001_LoginTest - Validating expected message
14:22:17.338 [main] INFO  testCases.TC_001_LoginTest - Finished this login test
12:48:41.514 [main] DEBUG io.netty.util.internal.logging.InternalLoggerFactory - Using Log4J2 as the default logging framework
12:48:41.527 [main] DEBUG io.netty.util.ResourceLeakDetector - -Dio.netty.leakDetection.level: simple
12:48:41.527 [main] DEBUG io.netty.util.ResourceLeakDetector - -Dio.netty.leakDetection.targetRecords: 4
12:48:41.534 [main] DEBUG io.netty.util.ResourceLeakDetectorFactory - Loaded default ResourceLeakDetector: io.netty.util.ResourceLeakDetector@6ec7bce0
12:48:41.569 [main] DEBUG io.netty.util.internal.PlatformDependent0 - -Dio.netty.noUnsafe: false
12:48:41.570 [main] DEBUG io.netty.util.internal.PlatformDependent0 - Java version: 17
12:48:41.572 [main] DEBUG io.netty.util.internal.PlatformDependent0 - sun.misc.Unsafe.theUnsafe: available
12:48:41.575 [main] DEBUG io.netty.util.internal.PlatformDependent0 - sun.misc.Unsafe.copyMemory: available
12:48:41.576 [main] DEBUG io.netty.util.internal.PlatformDependent0 - sun.misc.Unsafe.storeFence: available
12:48:41.578 [main] DEBUG io.netty.util.internal.PlatformDependent0 - java.nio.Buffer.address: available
12:48:41.580 [main] DEBUG io.netty.util.internal.PlatformDependent0 - direct buffer constructor: unavailable: Reflective setAccessible(true) disabled
12:48:41.582 [main] DEBUG io.netty.util.internal.PlatformDependent0 - java.nio.Bits.unaligned: available, true
12:48:41.586 [main] DEBUG io.netty.util.internal.PlatformDependent0 - jdk.internal.misc.Unsafe.allocateUninitializedArray(int): unavailable: class io.netty.util.internal.PlatformDependent0$7 cannot access class jdk.internal.misc.Unsafe (in module java.base) because module java.base does not export jdk.internal.misc to unnamed module @31610302
12:48:41.590 [main] DEBUG io.netty.util.internal.PlatformDependent0 - java.nio.DirectByteBuffer.<init>(long, int): unavailable
12:48:41.590 [main] DEBUG io.netty.util.internal.PlatformDependent - sun.misc.Unsafe: available
12:48:41.594 [main] DEBUG io.netty.util.internal.PlatformDependent - maxDirectMemory: 2107637760 bytes (maybe)
12:48:41.595 [main] DEBUG io.netty.util.internal.PlatformDependent - -Dio.netty.tmpdir: C:\Users\Keerti\AppData\Local\Temp (java.io.tmpdir)
12:48:41.596 [main] DEBUG io.netty.util.internal.PlatformDependent - -Dio.netty.bitMode: 64 (sun.arch.data.model)
12:48:41.597 [main] DEBUG io.netty.util.internal.PlatformDependent - Platform: Windows
12:48:41.600 [main] DEBUG io.netty.util.internal.PlatformDependent - -Dio.netty.maxDirectMemory: -1 bytes
12:48:41.601 [main] DEBUG io.netty.util.internal.PlatformDependent - -Dio.netty.uninitializedArrayAllocationThreshold: -1
12:48:41.603 [main] DEBUG io.netty.util.internal.CleanerJava9 - java.nio.ByteBuffer.cleaner(): available
12:48:41.603 [main] DEBUG io.netty.util.internal.PlatformDependent - -Dio.netty.noPreferDirect: false
12:48:41.616 [main] DEBUG io.netty.util.internal.PlatformDependent - org.jctools-core.MpscChunkedArrayQueue: available
12:48:41.650 [main] DEBUG io.netty.util.internal.InternalThreadLocalMap - -Dio.netty.threadLocalMap.stringBuilder.initialSize: 1024
12:48:41.650 [main] DEBUG io.netty.util.internal.InternalThreadLocalMap - -Dio.netty.threadLocalMap.stringBuilder.maxSize: 4096
12:48:41.674 [main] DEBUG io.netty.handler.ssl.JdkSslContext - Default protocols (JDK): [TLSv1.3, TLSv1.2] 
12:48:41.674 [main] DEBUG io.netty.handler.ssl.JdkSslContext - Default cipher suites (JDK): [TLS_ECDHE_ECDSA_WITH_AES_256_GCM_SHA384, TLS_ECDHE_ECDSA_WITH_AES_128_GCM_SHA256, TLS_ECDHE_RSA_WITH_AES_128_GCM_SHA256, TLS_ECDHE_RSA_WITH_AES_256_GCM_SHA384, TLS_ECDHE_RSA_WITH_AES_128_CBC_SHA, TLS_ECDHE_RSA_WITH_AES_256_CBC_SHA, TLS_RSA_WITH_AES_128_GCM_SHA256, TLS_RSA_WITH_AES_128_CBC_SHA, TLS_RSA_WITH_AES_256_CBC_SHA, TLS_AES_128_GCM_SHA256, TLS_AES_256_GCM_SHA384]
12:48:41.713 [main] DEBUG io.netty.channel.MultithreadEventLoopGroup - -Dio.netty.eventLoopThreads: 8
12:48:41.728 [main] DEBUG io.netty.channel.nio.NioEventLoop - -Dio.netty.noKeySetOptimization: false
12:48:41.729 [main] DEBUG io.netty.channel.nio.NioEventLoop - -Dio.netty.selectorAutoRebuildThreshold: 512
12:48:41.810 [main] DEBUG io.netty.buffer.PooledByteBufAllocator - -Dio.netty.allocator.numHeapArenas: 8
12:48:41.811 [main] DEBUG io.netty.buffer.PooledByteBufAllocator - -Dio.netty.allocator.numDirectArenas: 8
12:48:41.812 [main] DEBUG io.netty.buffer.PooledByteBufAllocator - -Dio.netty.allocator.pageSize: 8192
12:48:41.812 [main] DEBUG io.netty.buffer.PooledByteBufAllocator - -Dio.netty.allocator.maxOrder: 9
12:48:41.812 [main] DEBUG io.netty.buffer.PooledByteBufAllocator - -Dio.netty.allocator.chunkSize: 4194304
12:48:41.812 [main] DEBUG io.netty.buffer.PooledByteBufAllocator - -Dio.netty.allocator.smallCacheSize: 256
12:48:41.812 [main] DEBUG io.netty.buffer.PooledByteBufAllocator - -Dio.netty.allocator.normalCacheSize: 64
12:48:41.813 [main] DEBUG io.netty.buffer.PooledByteBufAllocator - -Dio.netty.allocator.maxCachedBufferCapacity: 32768
12:48:41.814 [main] DEBUG io.netty.buffer.PooledByteBufAllocator - -Dio.netty.allocator.cacheTrimInterval: 8192
12:48:41.814 [main] DEBUG io.netty.buffer.PooledByteBufAllocator - -Dio.netty.allocator.cacheTrimIntervalMillis: 0
12:48:41.814 [main] DEBUG io.netty.buffer.PooledByteBufAllocator - -Dio.netty.allocator.useCacheForAllThreads: false
12:48:41.814 [main] DEBUG io.netty.buffer.PooledByteBufAllocator - -Dio.netty.allocator.maxCachedByteBuffersPerChunk: 1023
12:48:41.836 [main] DEBUG io.netty.buffer.ByteBufUtil - -Dio.netty.allocator.type: pooled
12:48:41.837 [main] DEBUG io.netty.buffer.ByteBufUtil - -Dio.netty.threadLocalDirectBufferSize: 0
12:48:41.838 [main] DEBUG io.netty.buffer.ByteBufUtil - -Dio.netty.maxThreadLocalCharBufferSize: 16384
12:48:44.091 [Forwarding newSession on session null to remote] DEBUG io.netty.channel.DefaultChannelId - -Dio.netty.processId: 2680 (auto-detected)
12:48:44.094 [Forwarding newSession on session null to remote] DEBUG io.netty.util.NetUtil - -Djava.net.preferIPv4Stack: false
12:48:44.094 [Forwarding newSession on session null to remote] DEBUG io.netty.util.NetUtil - -Djava.net.preferIPv6Addresses: false
12:48:44.103 [Forwarding newSession on session null to remote] DEBUG io.netty.util.NetUtilInitializations - Loopback interface: lo (Software Loopback Interface 1, 127.0.0.1)
12:48:44.104 [Forwarding newSession on session null to remote] DEBUG io.netty.util.NetUtil - Failed to get SOMAXCONN from sysctl and file \proc\sys\net\core\somaxconn. Default: 200
12:48:44.126 [Forwarding newSession on session null to remote] DEBUG io.netty.channel.DefaultChannelId - -Dio.netty.machineId: 98:8d:46:ff:fe:70:09:db (auto-detected)
12:48:44.208 [AsyncHttpClient-1-2] DEBUG io.netty.buffer.AbstractByteBuf - -Dio.netty.buffer.checkAccessible: true
12:48:44.208 [AsyncHttpClient-1-2] DEBUG io.netty.buffer.AbstractByteBuf - -Dio.netty.buffer.checkBounds: true
12:48:44.209 [AsyncHttpClient-1-2] DEBUG io.netty.util.ResourceLeakDetectorFactory - Loaded default ResourceLeakDetector: io.netty.util.ResourceLeakDetector@2ae38c9a
12:48:44.233 [AsyncHttpClient-1-2] DEBUG io.netty.util.Recycler - -Dio.netty.recycler.maxCapacityPerThread: 4096
12:48:44.233 [AsyncHttpClient-1-2] DEBUG io.netty.util.Recycler - -Dio.netty.recycler.ratio: 8
12:48:44.234 [AsyncHttpClient-1-2] DEBUG io.netty.util.Recycler - -Dio.netty.recycler.chunkSize: 32
12:48:44.234 [AsyncHttpClient-1-2] DEBUG io.netty.util.Recycler - -Dio.netty.recycler.blocking: false
12:48:45.336 [AsyncHttpClient-1-2] DEBUG io.netty.handler.codec.compression.Brotli - brotli4j not in the classpath; Brotli support will be unavailable.
12:48:45.575 [main] DEBUG io.netty.util.internal.ThreadLocalRandom - -Dio.netty.initialSeedUniquifier: 0x7ba6b5888f3e66fe
12:48:47.391 [main] DEBUG testCases.TC_001_LoginTest - application logs
12:48:47.392 [main] INFO  testCases.TC_001_LoginTest - *** Starting TC_001_LoginTest ***
12:48:47.653 [main] INFO  testCases.TC_001_LoginTest - Entered email
12:48:47.793 [main] INFO  testCases.TC_001_LoginTest - Entered password
12:48:47.914 [main] INFO  testCases.TC_001_LoginTest - Clicked on login
12:48:55.686 [main] INFO  testCases.TC_001_LoginTest - Validating expected message
12:48:55.690 [main] INFO  testCases.TC_001_LoginTest - Finished this login test
12:49:30.482 [main] INFO  testCases.TC_001_LoginTest - *** Starting TC_001_LoginTest ***
12:49:30.746 [main] INFO  testCases.TC_001_LoginTest - Entered email
12:49:30.891 [main] INFO  testCases.TC_001_LoginTest - Entered password
12:49:30.971 [main] INFO  testCases.TC_001_LoginTest - Clicked on login
12:49:36.450 [main] INFO  testCases.TC_001_LoginTest - Validating expected message
12:49:36.454 [main] INFO  testCases.TC_001_LoginTest - Finished this login test
12:53:26.126 [main] INFO  testCases.TC_001_LoginTest - *** Starting TC_001_LoginTest ***
12:53:26.381 [main] INFO  testCases.TC_001_LoginTest - Entered email
12:53:26.518 [main] INFO  testCases.TC_001_LoginTest - Entered password
12:53:26.646 [main] INFO  testCases.TC_001_LoginTest - Clicked on login
12:53:32.499 [main] INFO  testCases.TC_001_LoginTest - Validating expected message
12:53:32.511 [main] INFO  testCases.TC_001_LoginTest - Finished this login test
12:53:50.049 [main] INFO  testCases.TC_001_LoginTest - *** Starting TC_001_LoginTest ***
12:53:50.355 [main] INFO  testCases.TC_001_LoginTest - Entered email
12:53:50.556 [main] INFO  testCases.TC_001_LoginTest - Entered password
12:53:50.754 [main] INFO  testCases.TC_001_LoginTest - Clicked on login
12:53:55.787 [main] INFO  testCases.TC_001_LoginTest - Validating expected message
12:53:55.825 [main] INFO  testCases.TC_001_LoginTest - Finished this login test
13:27:08.140 [main] INFO  testCases.TC_001_LoginTest - *** Starting TC_001_LoginTest ***
13:27:08.370 [main] INFO  testCases.TC_001_LoginTest - Entered email
13:27:08.515 [main] INFO  testCases.TC_001_LoginTest - Entered password
13:27:08.600 [main] INFO  testCases.TC_001_LoginTest - Clicked on login
13:27:25.321 [main] INFO  testCases.TC_001_LoginTest - Test failed
13:29:37.849 [main] INFO  testCases.TC_001_LoginTest - *** Starting TC_001_LoginTest ***
13:29:38.062 [main] INFO  testCases.TC_001_LoginTest - Entered email
13:29:38.195 [main] INFO  testCases.TC_001_LoginTest - Entered password
13:29:38.293 [main] INFO  testCases.TC_001_LoginTest - Clicked on login
13:29:42.965 [main] INFO  testCases.TC_001_LoginTest - Validating expected message
13:29:42.990 [main] INFO  testCases.TC_001_LoginTest - Finished this login test
13:35:15.943 [TestNG-tests-2] INFO  testCases.TC_001_LoginTest - Started edge browser
13:35:15.978 [TestNG-tests-1] INFO  testCases.TC_001_LoginTest - Started chrome browser
13:35:18.230 [TestNG-tests-1] INFO  testCases.TC_001_LoginTest - *** Starting TC_001_LoginTest ***
13:35:18.241 [TestNG-tests-2] INFO  testCases.TC_001_LoginTest - *** Starting TC_001_LoginTest ***
13:35:18.515 [TestNG-tests-2] INFO  testCases.TC_001_LoginTest - Entered email
13:35:18.707 [TestNG-tests-2] INFO  testCases.TC_001_LoginTest - Entered password
13:35:18.729 [TestNG-tests-1] INFO  testCases.TC_001_LoginTest - Entered email
13:35:18.822 [TestNG-tests-2] INFO  testCases.TC_001_LoginTest - Clicked on login
13:35:19.022 [TestNG-tests-1] INFO  testCases.TC_001_LoginTest - Entered password
13:35:19.213 [TestNG-tests-1] INFO  testCases.TC_001_LoginTest - Clicked on login
13:35:23.869 [TestNG-tests-2] INFO  testCases.TC_001_LoginTest - Validating expected message
13:35:23.874 [TestNG-tests-2] INFO  testCases.TC_001_LoginTest - Finished this login test
13:35:26.809 [TestNG-tests-1] INFO  testCases.TC_001_LoginTest - Validating expected message
13:35:26.809 [TestNG-tests-1] INFO  testCases.TC_001_LoginTest - Finished this login test
13:51:10.668 [main] INFO  testCases.TC_001_LoginTest - Started edge browser
13:51:12.805 [main] INFO  testCases.TC_001_LoginTest - *** Starting TC_001_LoginTest ***
13:51:13.005 [main] INFO  testCases.TC_001_LoginTest - Entered email
13:51:13.147 [main] INFO  testCases.TC_001_LoginTest - Entered password
13:51:13.243 [main] INFO  testCases.TC_001_LoginTest - Clicked on login
13:51:19.005 [main] INFO  testCases.TC_001_LoginTest - Validating expected message
13:51:19.009 [main] INFO  testCases.TC_001_LoginTest - Finished this login test
14:34:04.361 [main] INFO  testCases.TC_001_LoginTest - Started edge browser
14:34:07.041 [main] INFO  testCases.TC_001_LoginTest - *** Starting TC_001_LoginTest ***
14:34:07.274 [main] INFO  testCases.TC_001_LoginTest - Entered email
14:34:07.439 [main] INFO  testCases.TC_001_LoginTest - Entered password
14:34:07.561 [main] INFO  testCases.TC_001_LoginTest - Clicked on login
14:34:14.631 [main] INFO  testCases.TC_001_LoginTest - Validating expected message
14:34:14.637 [main] INFO  testCases.TC_001_LoginTest - Finished this login test
14:35:31.355 [main] INFO  testCases.TC_001_LoginTest - Started edge browser
14:35:33.742 [main] INFO  testCases.TC_001_LoginTest - *** Starting TC_001_LoginTest ***
14:35:33.927 [main] INFO  testCases.TC_001_LoginTest - Entered email
14:35:33.927 [main] INFO  testCases.TC_001_LoginTest - Entered password
14:35:34.043 [main] INFO  testCases.TC_001_LoginTest - Clicked on login
14:36:00.312 [main] INFO  testCases.TC_001_LoginTest - Test failed
15:01:22.296 [main] INFO  testCases.TC_001_LoginTest - Started edge browser
15:01:24.475 [main] INFO  testCases.TC_001_LoginTest - *** Starting TC_001_LoginTest ***
15:01:24.693 [main] INFO  testCases.TC_001_LoginTest - Entered email
15:01:24.694 [main] INFO  testCases.TC_001_LoginTest - Entered password
15:01:24.793 [main] INFO  testCases.TC_001_LoginTest - Clicked on login
15:01:28.126 [main] INFO  testCases.TC_001_LoginTest - Validating expected message
15:01:28.130 [main] INFO  testCases.TC_001_LoginTest - Finished this login test
15:02:08.894 [main] INFO  testCases.TC_001_LoginTest - Started edge browser
15:02:11.562 [main] INFO  testCases.TC_001_LoginTest - *** Starting TC_001_LoginTest ***
15:02:11.598 [main] INFO  testCases.TC_001_LoginTest - Entered email
15:02:11.795 [main] INFO  testCases.TC_001_LoginTest - Entered password
15:02:11.898 [main] INFO  testCases.TC_001_LoginTest - Clicked on login
15:02:21.965 [main] INFO  testCases.TC_001_LoginTest - Test failed
15:03:02.741 [main] INFO  testCases.TC_001_LoginTest - Started edge browser
15:03:04.970 [main] INFO  testCases.TC_001_LoginTest - *** Starting TC_001_LoginTest ***
15:03:05.002 [main] INFO  testCases.TC_001_LoginTest - Entered email
15:03:05.172 [main] INFO  testCases.TC_001_LoginTest - Entered password
15:03:05.319 [main] INFO  testCases.TC_001_LoginTest - Clicked on login
15:03:17.082 [main] INFO  testCases.TC_001_LoginTest - Test failed
17:36:09.795 [main] INFO  testCases.TC_002_LoginDDT - Started edge browser
17:37:52.466 [main] INFO  testCases.TC_002_LoginDDT - Started chrome browser
17:38:08.760 [main] INFO  testCases.TC_002_LoginDDT - Started chrome browser
17:38:30.424 [main] INFO  testCases.TC_002_LoginDDT - Started chrome browser
17:39:10.197 [main] INFO  testCases.TC_002_LoginDDT - Started chrome browser
17:40:54.717 [main] INFO  testCases.TC_002_LoginDDT - Started chrome browser
17:47:21.083 [main] INFO  testCases.TC_002_LoginDDT - Started chrome browser
17:49:05.362 [main] INFO  testCases.TC_002_LoginDDT - Started chrome browser
17:49:49.374 [main] INFO  testCases.TC_002_LoginDDT - Started chrome browser
17:52:38.706 [main] INFO  testCases.TC_002_LoginDDT - Started chrome browser
17:52:57.778 [main] INFO  testCases.TC_002_LoginDDT - Started chrome browser
17:54:17.028 [main] INFO  testCases.TC_002_LoginDDT - Started chrome browser
17:55:54.617 [main] INFO  testCases.TC_002_LoginDDT - Started chrome browser
17:59:29.463 [main] INFO  testCases.TC_001_LoginTest - Started chrome browser
17:59:31.404 [main] INFO  testCases.TC_001_LoginTest - *** Starting TC_001_LoginTest ***
17:59:31.444 [main] INFO  testCases.TC_001_LoginTest - Entered email
17:59:31.638 [main] INFO  testCases.TC_001_LoginTest - Entered password
17:59:31.744 [main] INFO  testCases.TC_001_LoginTest - Clicked on login
17:59:41.817 [main] INFO  testCases.TC_001_LoginTest - Validating expected message
18:01:14.974 [main] INFO  testCases.TC_002_LoginDDT - Started chrome browser
18:07:12.030 [main] INFO  testCases.TC_002_LoginDDT - Started chrome browser
18:08:30.959 [main] INFO  testCases.TC_002_LoginDDT - Started chrome browser
18:09:24.208 [main] INFO  testCases.TC_002_LoginDDT - Started chrome browser
18:10:04.721 [main] INFO  testCases.TC_002_LoginDDT - Started chrome browser
18:14:27.605 [main] INFO  testCases.TC_003_LoginDataDrivenTest - Started chrome browser
18:14:58.538 [main] INFO  testCases.TC_001_LoginTest - Started chrome browser
18:15:00.228 [main] INFO  testCases.TC_001_LoginTest - *** Starting TC_001_LoginTest ***
18:15:00.491 [main] INFO  testCases.TC_001_LoginTest - Entered email
18:15:00.640 [main] INFO  testCases.TC_001_LoginTest - Entered password
18:15:00.726 [main] INFO  testCases.TC_001_LoginTest - Clicked on login
18:15:04.991 [main] INFO  testCases.TC_001_LoginTest - Validating expected message
18:15:05.001 [main] INFO  testCases.TC_001_LoginTest - Finished this login test
18:19:47.004 [main] INFO  testCases.TC_001_LoginTest - Started chrome browser
18:49:48.896 [main] INFO  testCases.TC_003_LoginDataDrivenTest - Started chrome browser
18:49:52.811 [main] INFO  testCases.TC_003_LoginDataDrivenTest -  Starting TC_003_LoginDataDrivenTest 
18:50:07.735 [main] INFO  testCases.TC_003_LoginDataDrivenTest -  Starting TC_003_LoginDataDrivenTest 
18:50:18.180 [main] INFO  testCases.TC_003_LoginDataDrivenTest -  Starting TC_003_LoginDataDrivenTest 
18:50:28.543 [main] INFO  testCases.TC_003_LoginDataDrivenTest -  Starting TC_003_LoginDataDrivenTest 
18:50:38.851 [main] INFO  testCases.TC_003_LoginDataDrivenTest -  Starting TC_003_LoginDataDrivenTest 
18:56:17.989 [main] INFO  testCases.TC_003_LoginDataDrivenTest - Started chrome browser
18:56:22.550 [main] INFO  testCases.TC_003_LoginDataDrivenTest -  Starting TC_003_LoginDataDrivenTest 
18:56:38.712 [main] INFO  testCases.TC_003_LoginDataDrivenTest -  Starting TC_003_LoginDataDrivenTest 
18:56:49.229 [main] INFO  testCases.TC_003_LoginDataDrivenTest -  Starting TC_003_LoginDataDrivenTest 
18:56:59.680 [main] INFO  testCases.TC_003_LoginDataDrivenTest -  Starting TC_003_LoginDataDrivenTest 
18:57:10.135 [main] INFO  testCases.TC_003_LoginDataDrivenTest -  Starting TC_003_LoginDataDrivenTest 
19:11:56.324 [main] INFO  testCases.TC_003_LoginDataDrivenTest - Started chrome browser
19:12:00.201 [main] INFO  testCases.TC_003_LoginDataDrivenTest -  Starting TC_003_LoginDataDrivenTest 
19:13:16.748 [main] INFO  testCases.TC_003_LoginDataDrivenTest - Started chrome browser
19:13:20.722 [main] INFO  testCases.TC_003_LoginDataDrivenTest -  Starting TC_003_LoginDataDrivenTest 
19:13:32.665 [main] INFO  testCases.TC_003_LoginDataDrivenTest -  Starting TC_003_LoginDataDrivenTest 
19:13:49.042 [main] INFO  testCases.TC_003_LoginDataDrivenTest -  Finished TC_003_LoginDataDrivenTest
19:13:49.058 [main] INFO  testCases.TC_003_LoginDataDrivenTest -  Starting TC_003_LoginDataDrivenTest 
19:14:06.625 [main] INFO  testCases.TC_003_LoginDataDrivenTest -  Starting TC_003_LoginDataDrivenTest 
19:14:16.840 [main] INFO  testCases.TC_003_LoginDataDrivenTest -  Starting TC_003_LoginDataDrivenTest 
11:38:53.734 [main] INFO  testCases.TC_003_LoginDataDrivenTest - Started chrome browser
11:38:57.382 [main] INFO  testCases.TC_003_LoginDataDrivenTest -  Starting TC_003_LoginDataDrivenTest 
11:39:09.375 [main] INFO  testCases.TC_003_LoginDataDrivenTest -  Starting TC_003_LoginDataDrivenTest 
11:39:19.878 [main] INFO  testCases.TC_003_LoginDataDrivenTest -  Finished TC_003_LoginDataDrivenTest
11:39:19.878 [main] INFO  testCases.TC_003_LoginDataDrivenTest -  Starting TC_003_LoginDataDrivenTest 
11:39:37.130 [main] INFO  testCases.TC_003_LoginDataDrivenTest -  Starting TC_003_LoginDataDrivenTest 
11:39:47.441 [main] INFO  testCases.TC_003_LoginDataDrivenTest -  Starting TC_003_LoginDataDrivenTest 
12:27:38.365 [main] INFO  testCases.TC_001_LoginTest - Started chrome browser
12:27:40.136 [main] INFO  testCases.TC_001_LoginTest - *** Starting TC_001_LoginTest ***
12:27:40.400 [main] INFO  testCases.TC_001_LoginTest - Entered email
12:27:40.581 [main] INFO  testCases.TC_001_LoginTest - Entered password
12:27:40.702 [main] INFO  testCases.TC_001_LoginTest - Clicked on login
12:27:46.777 [main] INFO  testCases.TC_001_LoginTest - Validating expected message
12:27:46.785 [main] INFO  testCases.TC_001_LoginTest - Finished this login test
12:38:00.744 [main] INFO  testCases.TC_001_LoginTest - Started chrome browser
12:38:02.427 [main] INFO  testCases.TC_001_LoginTest - *** Starting TC_001_LoginTest ***
12:38:02.672 [main] INFO  testCases.TC_001_LoginTest - Entered email
12:38:02.825 [main] INFO  testCases.TC_001_LoginTest - Entered password
12:38:02.924 [main] INFO  testCases.TC_001_LoginTest - Clicked on login
12:38:10.058 [main] INFO  testCases.TC_001_LoginTest - Validating expected message
12:38:10.065 [main] INFO  testCases.TC_001_LoginTest - Finished this login test
12:42:35.967 [main] INFO  testCases.TC_001_LoginTest - Started chrome browser
12:42:37.592 [main] INFO  testCases.TC_001_LoginTest - *** Starting TC_001_LoginTest ***
12:42:37.807 [main] INFO  testCases.TC_001_LoginTest - Entered email
12:42:37.950 [main] INFO  testCases.TC_001_LoginTest - Entered password
12:42:38.033 [main] INFO  testCases.TC_001_LoginTest - Clicked on login
12:42:43.351 [main] INFO  testCases.TC_001_LoginTest - Validating expected message
12:42:43.355 [main] INFO  testCases.TC_001_LoginTest - Finished this login test
18:55:35.499 [main] INFO  testCases.TC_001_LoginTest - Started chrome browser
18:55:37.285 [main] INFO  testCases.TC_001_LoginTest - *** Starting TC_001_LoginTest ***
18:55:37.554 [main] INFO  testCases.TC_001_LoginTest - Entered email
18:55:37.731 [main] INFO  testCases.TC_001_LoginTest - Entered password
18:55:37.831 [main] INFO  testCases.TC_001_LoginTest - Clicked on login
18:55:45.253 [main] INFO  testCases.TC_001_LoginTest - Validating expected message
18:55:45.257 [main] INFO  testCases.TC_001_LoginTest - Finished this login test
